# JRE version: OpenJDK Runtime Environment Temurin-17.0.5+8 (17.0.5+8) (build 17.0.5+8)
# Java VM: OpenJDK 64-Bit Server VM Temurin-17.0.5+8 (17.0.5+8, mixed mode, emulated-client, tiered, compressed oops, compressed class ptrs, g1 gc, windows-amd64)
GC Precious Log:
 CPUs: 12 total, 12 available
 Memory: 15779M
 Large Page Support: Disabled
 NUMA Support: Disabled
 Compressed Oops: Enabled (Zero based)
 Heap Region Size: 2M
 Heap Min Capacity: 8M
 Heap Initial Capacity: 248M
 Heap Max Capacity: 3946M
 Pre-touch: Disabled
 Parallel Workers: 10
 Concurrent Workers: 3
 Concurrent Refinement Workers: 10
 Periodic GC: Disabled
Heap:
 garbage-first heap   total 587776K, used 158798K [0x0000000709600000, 0x0000000800000000)
  region size 2048K, 22 young (45056K), 22 survivors (45056K)
 Metaspace       used 46299K, committed 46720K, reserved 1089536K
  class space    used 5822K, committed 6016K, reserved 1048576K
GC Heap History (20 events):
Event: 3.450 GC heap after
{Heap after GC invocations=16 (full 0):
 garbage-first heap   total 120832K, used 64084K [0x0000000709600000, 0x0000000800000000)
  region size 2048K, 1 young (2048K), 1 survivors (2048K)
 Metaspace       used 38033K, committed 38464K, reserved 1089536K
  class space    used 4942K, committed 5120K, reserved 1048576K
}
Event: 3.458 GC heap before
{Heap before GC invocations=16 (full 0):
 garbage-first heap   total 120832K, used 84564K [0x0000000709600000, 0x0000000800000000)
  region size 2048K, 12 young (24576K), 1 survivors (2048K)
 Metaspace       used 38056K, committed 38464K, reserved 1089536K
  class space    used 4942K, committed 5120K, reserved 1048576K
}
Event: 3.460 GC heap after
{Heap after GC invocations=17 (full 0):
 garbage-first heap   total 241664K, used 64925K [0x0000000709600000, 0x0000000800000000)
  region size 2048K, 2 young (4096K), 2 survivors (4096K)
 Metaspace       used 38056K, committed 38464K, reserved 1089536K
  class space    used 4942K, committed 5120K, reserved 1048576K
}
Event: 3.521 GC heap before
{Heap before GC invocations=18 (full 0):
 garbage-first heap   total 241664K, used 167325K [0x0000000709600000, 0x0000000800000000)
  region size 2048K, 53 young (108544K), 2 survivors (4096K)
 Metaspace       used 38217K, committed 38592K, reserved 1089536K
  class space    used 4956K, committed 5120K, reserved 1048576K
}
Event: 3.524 GC heap after
{Heap after GC invocations=19 (full 0):
 garbage-first heap   total 241664K, used 69149K [0x0000000709600000, 0x0000000800000000)
  region size 2048K, 4 young (8192K), 4 survivors (8192K)
 Metaspace       used 38217K, committed 38592K, reserved 1089536K
  class space    used 4956K, committed 5120K, reserved 1048576K
}
Event: 3.547 GC heap before
{Heap before GC invocations=19 (full 0):
 garbage-first heap   total 241664K, used 179741K [0x0000000709600000, 0x0000000800000000)
  region size 2048K, 59 young (120832K), 4 survivors (8192K)
 Metaspace       used 38249K, committed 38720K, reserved 1089536K
  class space    used 4961K, committed 5184K, reserved 1048576K
}
Event: 3.550 GC heap after
{Heap after GC invocations=20 (full 0):
 garbage-first heap   total 241664K, used 73736K [0x0000000709600000, 0x0000000800000000)
  region size 2048K, 6 young (12288K), 6 survivors (12288K)
 Metaspace       used 38249K, committed 38720K, reserved 1089536K
  class space    used 4961K, committed 5184K, reserved 1048576K
}
Event: 3.570 GC heap before
{Heap before GC invocations=20 (full 0):
 garbage-first heap   total 241664K, used 184328K [0x0000000709600000, 0x0000000800000000)
  region size 2048K, 61 young (124928K), 6 survivors (12288K)
 Metaspace       used 38249K, committed 38720K, reserved 1089536K
  class space    used 4961K, committed 5184K, reserved 1048576K
}
Event: 3.576 GC heap after
{Heap after GC invocations=21 (full 0):
 garbage-first heap   total 241664K, used 79130K [0x0000000709600000, 0x0000000800000000)
  region size 2048K, 6 young (12288K), 6 survivors (12288K)
 Metaspace       used 38249K, committed 38720K, reserved 1089536K
  class space    used 4961K, committed 5184K, reserved 1048576K
}
Event: 3.590 GC heap before
{Heap before GC invocations=21 (full 0):
 garbage-first heap   total 241664K, used 187674K [0x0000000709600000, 0x0000000800000000)
  region size 2048K, 60 young (122880K), 6 survivors (12288K)
 Metaspace       used 38251K, committed 38720K, reserved 1089536K
  class space    used 4961K, committed 5184K, reserved 1048576K
}
Event: 3.595 GC heap after
{Heap after GC invocations=22 (full 0):
 garbage-first heap   total 241664K, used 82956K [0x0000000709600000, 0x0000000800000000)
  region size 2048K, 5 young (10240K), 5 survivors (10240K)
 Metaspace       used 38251K, committed 38720K, reserved 1089536K
  class space    used 4961K, committed 5184K, reserved 1048576K
}
Event: 3.609 GC heap before
{Heap before GC invocations=22 (full 0):
 garbage-first heap   total 241664K, used 193548K [0x0000000709600000, 0x0000000800000000)
  region size 2048K, 60 young (122880K), 5 survivors (10240K)
 Metaspace       used 38377K, committed 38848K, reserved 1089536K
  class space    used 4969K, committed 5184K, reserved 1048576K
}
Event: 3.616 GC heap after
{Heap after GC invocations=23 (full 0):
 garbage-first heap   total 587776K, used 87482K [0x0000000709600000, 0x0000000800000000)
  region size 2048K, 5 young (10240K), 5 survivors (10240K)
 Metaspace       used 38377K, committed 38848K, reserved 1089536K
  class space    used 4969K, committed 5184K, reserved 1048576K
}
Event: 3.695 GC heap before
{Heap before GC invocations=23 (full 0):
 garbage-first heap   total 587776K, used 427450K [0x0000000709600000, 0x0000000800000000)
  region size 2048K, 172 young (352256K), 5 survivors (10240K)
 Metaspace       used 38885K, committed 39296K, reserved 1089536K
  class space    used 4986K, committed 5184K, reserved 1048576K
}
Event: 3.703 GC heap after
{Heap after GC invocations=24 (full 0):
 garbage-first heap   total 587776K, used 100274K [0x0000000709600000, 0x0000000800000000)
  region size 2048K, 11 young (22528K), 11 survivors (22528K)
 Metaspace       used 38885K, committed 39296K, reserved 1089536K
  class space    used 4986K, committed 5184K, reserved 1048576K
}
Event: 3.747 GC heap before
{Heap before GC invocations=24 (full 0):
 garbage-first heap   total 587776K, used 427954K [0x0000000709600000, 0x0000000800000000)
  region size 2048K, 172 young (352256K), 11 survivors (22528K)
 Metaspace       used 38992K, committed 39424K, reserved 1089536K
  class space    used 4993K, committed 5184K, reserved 1048576K
}
Event: 3.757 GC heap after
{Heap after GC invocations=25 (full 0):
 garbage-first heap   total 587776K, used 115625K [0x0000000709600000, 0x0000000800000000)
  region size 2048K, 19 young (38912K), 19 survivors (38912K)
 Metaspace       used 38992K, committed 39424K, reserved 1089536K
  class space    used 4993K, committed 5184K, reserved 1048576K
}
Event: 3.909 GC heap before
{Heap before GC invocations=25 (full 0):
 garbage-first heap   total 587776K, used 426921K [0x0000000709600000, 0x0000000800000000)
  region size 2048K, 172 young (352256K), 19 survivors (38912K)
 Metaspace       used 39800K, committed 40192K, reserved 1089536K
  class space    used 5074K, committed 5248K, reserved 1048576K
}
Event: 3.922 GC heap after
{Heap after GC invocations=26 (full 0):
 garbage-first heap   total 587776K, used 137638K [0x0000000709600000, 0x0000000800000000)
  region size 2048K, 19 young (38912K), 19 survivors (38912K)
 Metaspace       used 39800K, committed 40192K, reserved 1089536K
  class space    used 5074K, committed 5248K, reserved 1048576K
}
Event: 4.270 GC heap before
{Heap before GC invocations=26 (full 0):
 garbage-first heap   total 587776K, used 448934K [0x0000000709600000, 0x0000000800000000)
  region size 2048K, 172 young (352256K), 19 survivors (38912K)
 Metaspace       used 46299K, committed 46720K, reserved 1089536K
  class space    used 5822K, committed 6016K, reserved 1048576K
}

